<?xml version="1.0" encoding="UTF-8"?>
<!-- Generated by org.testng.reporters.JUnitReportReporter -->
<testsuite skipped="0" hostname="apples-MacBook-Pro.local" name="com.sapizon.instavr.test.T012_Test_Login_Blank_password" tests="1" failures="0" timestamp="04 Sep 2017 16:16:53 GMT" time="3.042" errors="0">
  <testcase name="loginTest" time="3.042" classname="com.sapizon.instavr.test.T012_Test_Login_Blank_password"/>
</testsuite> <!-- com.sapizon.instavr.test.T012_Test_Login_Blank_password -->
