<?xml version="1.0" encoding="UTF-8"?>
<!-- Generated by org.testng.reporters.JUnitReportReporter -->
<testsuite skipped="0" hostname="apples-MacBook-Pro.local" name="com.sapizon.instavr.test.T001_Test_LoginTest" tests="1" failures="0" timestamp="25 Sep 2017 17:51:29 GMT" time="146.477" errors="0">
  <testcase name="login" time="146.477" classname="com.sapizon.instavr.test.T001_Test_LoginTest"/>
</testsuite> <!-- com.sapizon.instavr.test.T001_Test_LoginTest -->
