<?xml version="1.0" encoding="UTF-8"?>
<!-- Generated by org.testng.reporters.JUnitReportReporter -->
<testsuite skipped="0" hostname="apples-MacBook-Pro.local" name="com.sapizon.instavr.test.T010_Test_Upload_image_verify_offset" tests="1" failures="0" timestamp="01 Nov 2017 13:22:12 GMT" time="55.623" errors="0">
  <testcase name="VerifyOffsetAndResetButton" time="55.623" classname="com.sapizon.instavr.test.T010_Test_Upload_image_verify_offset"/>
</testsuite> <!-- com.sapizon.instavr.test.T010_Test_Upload_image_verify_offset -->
