<?xml version="1.0" encoding="UTF-8"?>
<!-- Generated by org.testng.reporters.JUnitReportReporter -->
<testsuite skipped="0" hostname="apples-MacBook-Pro.local" name="com.sapizon.instavr.test.T004_Test_Verify_Preview" tests="1" failures="0" timestamp="19 Sep 2017 10:20:46 GMT" time="109.226" errors="0">
  <testcase name="login" time="109.226" classname="com.sapizon.instavr.test.T004_Test_Verify_Preview"/>
</testsuite> <!-- com.sapizon.instavr.test.T004_Test_Verify_Preview -->
