<?xml version="1.0" encoding="UTF-8"?>
<!-- Generated by org.testng.reporters.JUnitReportReporter -->
<testsuite skipped="0" hostname="apples-MacBook-Pro.local" name="com.sapizon.instavr.test.T017_Test_Upload_image_Verify_Actions" tests="5" failures="0" timestamp="21 Sep 2017 11:01:17 GMT" time="57.178" errors="0">
  <testcase name="login" time="39.239" classname="com.sapizon.instavr.test.T017_Test_Upload_image_Verify_Actions"/>
  <testcase name="authoring" time="5.360" classname="com.sapizon.instavr.test.T017_Test_Upload_image_Verify_Actions"/>
  <testcase name="Addcontent" time="5.407" classname="com.sapizon.instavr.test.T017_Test_Upload_image_Verify_Actions"/>
  <testcase name="AddLink" time="2.286" classname="com.sapizon.instavr.test.T017_Test_Upload_image_Verify_Actions"/>
  <testcase name="logout" time="4.886" classname="com.sapizon.instavr.test.T017_Test_Upload_image_Verify_Actions"/>
</testsuite> <!-- com.sapizon.instavr.test.T017_Test_Upload_image_Verify_Actions -->
