<?xml version="1.0" encoding="UTF-8"?>
<!-- Generated by org.testng.reporters.JUnitReportReporter -->
<testsuite skipped="0" hostname="apples-MacBook-Pro.local" name="com.sapizon.instavr.test.T005_Test_Verify_Package" tests="1" failures="0" timestamp="09 Oct 2017 13:58:25 GMT" time="85.756" errors="0">
  <testcase name="login" time="85.756" classname="com.sapizon.instavr.test.T005_Test_Verify_Package"/>
</testsuite> <!-- com.sapizon.instavr.test.T005_Test_Verify_Package -->
