<?xml version="1.0" encoding="UTF-8"?>
<!-- Generated by org.testng.reporters.JUnitReportReporter -->
<testsuite skipped="0" hostname="apples-MacBook-Pro.local" name="com.sapizon.instavr.test.T009_Test_Select_Sence_Add_Link" tests="5" failures="0" timestamp="11 Sep 2017 08:01:02 GMT" time="306.071" errors="0">
  <testcase name="login" time="68.459" classname="com.sapizon.instavr.test.T009_Test_Select_Sence_Add_Link"/>
  <testcase name="authoring" time="0.620" classname="com.sapizon.instavr.test.T009_Test_Select_Sence_Add_Link"/>
  <testcase name="Addcontent" time="1.522" classname="com.sapizon.instavr.test.T009_Test_Select_Sence_Add_Link"/>
  <testcase name="Update" time="165.688" classname="com.sapizon.instavr.test.T009_Test_Select_Sence_Add_Link"/>
  <testcase name="logout" time="69.782" classname="com.sapizon.instavr.test.T009_Test_Select_Sence_Add_Link"/>
</testsuite> <!-- com.sapizon.instavr.test.T009_Test_Select_Sence_Add_Link -->
