<?xml version="1.0" encoding="UTF-8"?>
<!-- Generated by org.testng.reporters.JUnitReportReporter -->
<testsuite skipped="0" hostname="apples-MacBook-Pro.local" name="com.sapizon.instavr.test.T003_Test_Verify_Branding" tests="1" failures="0" timestamp="14 Nov 2017 11:51:32 GMT" time="67.811" errors="0">
  <testcase name="VerifyBranding" time="67.811" classname="com.sapizon.instavr.test.T003_Test_Verify_Branding"/>
</testsuite> <!-- com.sapizon.instavr.test.T003_Test_Verify_Branding -->
