<?xml version="1.0" encoding="UTF-8"?>
<!-- Generated by org.testng.reporters.JUnitReportReporter -->
<testsuite skipped="0" hostname="apples-MacBook-Pro.local" name="com.sapizon.instavr.test.T016_Upload_Image_Verify_Hotspot" tests="5" failures="0" timestamp="26 Sep 2017 09:35:22 GMT" time="100.450" errors="0">
  <testcase name="login" time="91.854" classname="com.sapizon.instavr.test.T016_Upload_Image_Verify_Hotspot"/>
  <testcase name="authoring" time="0.426" classname="com.sapizon.instavr.test.T016_Upload_Image_Verify_Hotspot"/>
  <testcase name="Addcontent" time="3.610" classname="com.sapizon.instavr.test.T016_Upload_Image_Verify_Hotspot"/>
  <testcase name="AddHotspot" time="0.568" classname="com.sapizon.instavr.test.T016_Upload_Image_Verify_Hotspot"/>
  <testcase name="logout" time="3.992" classname="com.sapizon.instavr.test.T016_Upload_Image_Verify_Hotspot"/>
</testsuite> <!-- com.sapizon.instavr.test.T016_Upload_Image_Verify_Hotspot -->
