<?xml version="1.0" encoding="UTF-8"?>
<!-- Generated by org.testng.reporters.JUnitReportReporter -->
<testsuite skipped="0" hostname="apples-MacBook-Pro.local" name="com.sapizon.instavr.test.T017_Test_Upload_image_Verify_Actions" tests="5" failures="0" timestamp="18 Oct 2017 20:00:06 GMT" time="61.072" errors="0">
  <testcase name="login" time="45.541" classname="com.sapizon.instavr.test.T017_Test_Upload_image_Verify_Actions"/>
  <testcase name="authoring" time="2.021" classname="com.sapizon.instavr.test.T017_Test_Upload_image_Verify_Actions"/>
  <testcase name="Addcontent" time="6.188" classname="com.sapizon.instavr.test.T017_Test_Upload_image_Verify_Actions"/>
  <testcase name="AddLink" time="1.010" classname="com.sapizon.instavr.test.T017_Test_Upload_image_Verify_Actions"/>
  <testcase name="logout" time="6.312" classname="com.sapizon.instavr.test.T017_Test_Upload_image_Verify_Actions"/>
</testsuite> <!-- com.sapizon.instavr.test.T017_Test_Upload_image_Verify_Actions -->
