<?xml version="1.0" encoding="UTF-8"?>
<!-- Generated by org.testng.reporters.JUnitReportReporter -->
<testsuite skipped="0" hostname="apples-MacBook-Pro.local" name="com.sapizon.instavr.test.T009_Test_UpdateImage" tests="1" failures="0" timestamp="15 Nov 2017 07:50:07 GMT" time="137.200" errors="0">
  <testcase name="UpdateImageTest" time="137.200" classname="com.sapizon.instavr.test.T009_Test_UpdateImage"/>
</testsuite> <!-- com.sapizon.instavr.test.T009_Test_UpdateImage -->
