<?xml version="1.0" encoding="UTF-8"?>
<!-- Generated by org.testng.reporters.JUnitReportReporter -->
<testsuite skipped="0" hostname="apples-MacBook-Pro.local" name="com.sapizon.instavr.test.T007_Test_Click_Authoring_Add_VR_Contents" tests="1" failures="0" timestamp="31 Oct 2017 08:06:17 GMT" time="79.323" errors="0">
  <testcase name="VerifyAddVRContentsButton" time="79.323" classname="com.sapizon.instavr.test.T007_Test_Click_Authoring_Add_VR_Contents"/>
</testsuite> <!-- com.sapizon.instavr.test.T007_Test_Click_Authoring_Add_VR_Contents -->
