<?xml version="1.0" encoding="UTF-8"?>
<!-- Generated by org.testng.reporters.JUnitReportReporter -->
<testsuite skipped="0" hostname="apples-MacBook-Pro.local" name="com.sapizon.instavr.test.T010_Test_Upload_image_verify_offset" tests="5" failures="0" timestamp="09 Oct 2017 20:23:23 GMT" time="57.958" errors="0">
  <testcase name="login" time="44.450" classname="com.sapizon.instavr.test.T010_Test_Upload_image_verify_offset"/>
  <testcase name="authoring" time="3.325" classname="com.sapizon.instavr.test.T010_Test_Upload_image_verify_offset"/>
  <testcase name="Addcontent" time="3.729" classname="com.sapizon.instavr.test.T010_Test_Upload_image_verify_offset"/>
  <testcase name="sliderAction" time="2.447" classname="com.sapizon.instavr.test.T010_Test_Upload_image_verify_offset"/>
  <testcase name="logout" time="4.007" classname="com.sapizon.instavr.test.T010_Test_Upload_image_verify_offset"/>
</testsuite> <!-- com.sapizon.instavr.test.T010_Test_Upload_image_verify_offset -->
