<?xml version="1.0" encoding="UTF-8"?>
<!-- Generated by org.testng.reporters.JUnitReportReporter -->
<testsuite skipped="0" hostname="apples-MacBook-Pro.local" name="com.sapizon.instavr.test.T015_Test_Upload_image_Select_image_add_link" tests="5" failures="0" timestamp="18 Oct 2017 19:57:37 GMT" time="54.787" errors="0">
  <testcase name="login" time="40.533" classname="com.sapizon.instavr.test.T015_Test_Upload_image_Select_image_add_link"/>
  <testcase name="authoring" time="1.593" classname="com.sapizon.instavr.test.T015_Test_Upload_image_Select_image_add_link"/>
  <testcase name="Addcontent" time="5.222" classname="com.sapizon.instavr.test.T015_Test_Upload_image_Select_image_add_link"/>
  <testcase name="AddLink" time="2.912" classname="com.sapizon.instavr.test.T015_Test_Upload_image_Select_image_add_link"/>
  <testcase name="logout" time="4.527" classname="com.sapizon.instavr.test.T015_Test_Upload_image_Select_image_add_link"/>
</testsuite> <!-- com.sapizon.instavr.test.T015_Test_Upload_image_Select_image_add_link -->
