<?xml version="1.0" encoding="UTF-8"?>
<!-- Generated by org.testng.reporters.JUnitReportReporter -->
<testsuite skipped="0" hostname="apples-MacBook-Pro.local" name="com.sapizon.instavr.test.T009_Test_Select_Sence_Add_Link" tests="1" failures="0" timestamp="31 Oct 2017 10:30:59 GMT" time="92.985" errors="0">
  <testcase name="login" time="92.985" classname="com.sapizon.instavr.test.T009_Test_Select_Sence_Add_Link"/>
</testsuite> <!-- com.sapizon.instavr.test.T009_Test_Select_Sence_Add_Link -->
