<?xml version="1.0" encoding="UTF-8"?>
<!-- Generated by org.testng.reporters.JUnitReportReporter -->
<testsuite skipped="0" hostname="DESKTOP-EVAHJRN" name="com.sapizon.instavr.test.T007_Test_Click_Authoring_Add_VR_Contents" tests="1" failures="0" timestamp="22 Dec 2017 06:53:57 GMT" time="54.214" errors="0">
  <testcase name="VerifyAddVRContentsButton" time="54.214" classname="com.sapizon.instavr.test.T007_Test_Click_Authoring_Add_VR_Contents"/>
</testsuite> <!-- com.sapizon.instavr.test.T007_Test_Click_Authoring_Add_VR_Contents -->
