<?xml version="1.0" encoding="UTF-8"?>
<!-- Generated by org.testng.reporters.JUnitReportReporter -->
<testsuite skipped="0" hostname="apples-MacBook-Pro.local" name="com.sapizon.instavr.test.T005_Test_Verify_Package" tests="1" failures="0" timestamp="14 Nov 2017 12:03:41 GMT" time="55.232" errors="0">
  <testcase name="VerifyPackage" time="55.232" classname="com.sapizon.instavr.test.T005_Test_Verify_Package"/>
</testsuite> <!-- com.sapizon.instavr.test.T005_Test_Verify_Package -->
