<?xml version="1.0" encoding="UTF-8"?>
<!-- Generated by org.testng.reporters.JUnitReportReporter -->
<testsuite skipped="0" hostname="apples-MacBook-Pro.local" name="com.sapizon.instavr.test.T011_Test_Login_Invalid_Password" tests="1" failures="0" timestamp="28 Nov 2017 12:40:27 GMT" time="4.654" errors="0">
  <testcase name="loginWithInvalidCredintials" time="4.654" classname="com.sapizon.instavr.test.T011_Test_Login_Invalid_Password"/>
</testsuite> <!-- com.sapizon.instavr.test.T011_Test_Login_Invalid_Password -->
