<?xml version="1.0" encoding="UTF-8"?>
<!-- Generated by org.testng.reporters.JUnitReportReporter -->
<testsuite skipped="0" hostname="DESKTOP-EVAHJRN" name="com.sapizon.instavr.test.T010_Test_Upload_image_verify_offset" tests="1" failures="0" timestamp="01 Jan 2018 12:29:30 GMT" time="44.865" errors="0">
  <testcase name="VerifyOffsetAndResetButton" time="44.865" classname="com.sapizon.instavr.test.T010_Test_Upload_image_verify_offset"/>
</testsuite> <!-- com.sapizon.instavr.test.T010_Test_Upload_image_verify_offset -->
