<?xml version="1.0" encoding="UTF-8"?>
<!-- Generated by org.testng.reporters.JUnitReportReporter -->
<testsuite skipped="0" hostname="apples-MacBook-Pro.local" name="com.sapizon.instavr.test.T006_Test_Click_Downlod" tests="1" failures="0" timestamp="17 Aug 2017 06:49:40 GMT" time="45.709" errors="0">
  <testcase name="BrandingClick" time="45.709" classname="com.sapizon.instavr.test.T006_Test_Click_Downlod"/>
</testsuite> <!-- com.sapizon.instavr.test.T006_Test_Click_Downlod -->
