<?xml version="1.0" encoding="UTF-8"?>
<!-- Generated by org.testng.reporters.JUnitReportReporter -->
<testsuite skipped="0" hostname="DESKTOP-EVAHJRN" name="com.sapizon.instavr.test.T018_add_music" tests="1" failures="0" timestamp="21 Dec 2017 16:20:54 GMT" time="40.378" errors="0">
  <testcase name="AddMusic" time="40.378" classname="com.sapizon.instavr.test.T018_add_music"/>
</testsuite> <!-- com.sapizon.instavr.test.T018_add_music -->
