<?xml version="1.0" encoding="UTF-8"?>
<!-- Generated by org.testng.reporters.JUnitReportReporter -->
<testsuite skipped="0" hostname="apples-MacBook-Pro.local" name="rough.login" tests="1" failures="0" timestamp="19 Sep 2017 08:22:14 GMT" time="50.367" errors="0">
  <testcase name="login" time="50.367" classname="rough.login"/>
</testsuite> <!-- rough.login -->
