<?xml version="1.0" encoding="UTF-8"?>
<!-- Generated by org.testng.reporters.JUnitReportReporter -->
<testsuite skipped="0" hostname="apples-MacBook-Pro.local" name="com.sapizon.instavr.test.T013_Test_Upload_image" tests="1" failures="0" timestamp="01 Dec 2017 10:12:12 GMT" time="69.300" errors="0">
  <testcase name="UploadImage" time="69.300" classname="com.sapizon.instavr.test.T013_Test_Upload_image"/>
</testsuite> <!-- com.sapizon.instavr.test.T013_Test_Upload_image -->
