<?xml version="1.0" encoding="UTF-8"?>
<!-- Generated by org.testng.reporters.JUnitReportReporter -->
<testsuite skipped="0" hostname="apples-MacBook-Pro.local" name="com.sapizon.instavr.test.T014_Test_Upload_video" tests="4" failures="0" timestamp="06 Sep 2017 08:40:33 GMT" time="78.999" errors="0">
  <testcase name="login" time="71.331" classname="com.sapizon.instavr.test.T014_Test_Upload_video"/>
  <testcase name="Authoring" time="0.519" classname="com.sapizon.instavr.test.T014_Test_Upload_video"/>
  <testcase name="Addcontent" time="2.304" classname="com.sapizon.instavr.test.T014_Test_Upload_video"/>
  <testcase name="logout" time="4.845" classname="com.sapizon.instavr.test.T014_Test_Upload_video"/>
</testsuite> <!-- com.sapizon.instavr.test.T014_Test_Upload_video -->
