<?xml version="1.0" encoding="UTF-8"?>
<!-- Generated by org.testng.reporters.JUnitReportReporter -->
<testsuite skipped="0" hostname="apples-MacBook-Pro.local" name="com.sapizon.instavr.test.T010_Test_Upload_image_verify_offset" tests="5" failures="0" timestamp="18 Oct 2017 20:06:33 GMT" time="55.886" errors="0">
  <testcase name="login" time="33.921" classname="com.sapizon.instavr.test.T010_Test_Upload_image_verify_offset"/>
  <testcase name="authoring" time="1.917" classname="com.sapizon.instavr.test.T010_Test_Upload_image_verify_offset"/>
  <testcase name="Addcontent" time="5.359" classname="com.sapizon.instavr.test.T010_Test_Upload_image_verify_offset"/>
  <testcase name="sliderAction" time="8.645" classname="com.sapizon.instavr.test.T010_Test_Upload_image_verify_offset"/>
  <testcase name="logout" time="6.044" classname="com.sapizon.instavr.test.T010_Test_Upload_image_verify_offset"/>
</testsuite> <!-- com.sapizon.instavr.test.T010_Test_Upload_image_verify_offset -->
