<?xml version="1.0" encoding="UTF-8"?>
<!-- Generated by org.testng.reporters.JUnitReportReporter -->
<testsuite skipped="0" hostname="apples-MacBook-Pro.local" name="com.sapizon.instavr.test.T002_Test_Verify_Authoring" tests="1" failures="0" timestamp="18 Oct 2017 19:49:33 GMT" time="46.318" errors="0">
  <testcase name="login" time="46.318" classname="com.sapizon.instavr.test.T002_Test_Verify_Authoring"/>
</testsuite> <!-- com.sapizon.instavr.test.T002_Test_Verify_Authoring -->
