<?xml version="1.0" encoding="UTF-8"?>
<!-- Generated by org.testng.reporters.JUnitReportReporter -->
<testsuite skipped="0" hostname="apples-MacBook-Pro.local" name="com.sapizon.instavr.test.T013_Test_Upload_image" tests="1" failures="0" timestamp="14 Nov 2017 16:43:03 GMT" time="82.506" errors="0">
  <testcase name="UploadImage" time="82.506" classname="com.sapizon.instavr.test.T013_Test_Upload_image"/>
</testsuite> <!-- com.sapizon.instavr.test.T013_Test_Upload_image -->
