<?xml version="1.0" encoding="UTF-8"?>
<!-- Generated by org.testng.reporters.JUnitReportReporter -->
<testsuite skipped="0" hostname="DESKTOP-EVAHJRN" name="com.sapizon.instavr.test.T002_Test_Verify_Authoring" tests="1" failures="0" timestamp="19 Dec 2017 13:20:03 GMT" time="45.575" errors="0">
  <testcase name="VerifingAuthoring" time="45.575" classname="com.sapizon.instavr.test.T002_Test_Verify_Authoring"/>
</testsuite> <!-- com.sapizon.instavr.test.T002_Test_Verify_Authoring -->
