<?xml version="1.0" encoding="UTF-8"?>
<!-- Generated by org.testng.reporters.JUnitReportReporter -->
<testsuite skipped="0" hostname="apples-MacBook-Pro.local" name="com.sapizon.instavr.test.T003_Test_Verify_Branding" tests="1" failures="0" timestamp="01 Nov 2017 13:22:12 GMT" time="68.901" errors="0">
  <testcase name="VerifyBranding" time="68.901" classname="com.sapizon.instavr.test.T003_Test_Verify_Branding"/>
</testsuite> <!-- com.sapizon.instavr.test.T003_Test_Verify_Branding -->
