<?xml version="1.0" encoding="UTF-8"?>
<!-- Generated by org.testng.reporters.JUnitReportReporter -->
<testsuite skipped="0" hostname="apples-MacBook-Pro.local" name="com.sapizon.instavr.test.T018_add_music" tests="1" failures="0" timestamp="01 Nov 2017 12:44:08 GMT" time="86.823" errors="0">
  <testcase name="AddMusic" time="86.823" classname="com.sapizon.instavr.test.T018_add_music"/>
</testsuite> <!-- com.sapizon.instavr.test.T018_add_music -->
