<?xml version="1.0" encoding="UTF-8"?>
<!-- Generated by org.testng.reporters.JUnitReportReporter -->
<testsuite skipped="0" hostname="apples-MacBook-Pro.local" name="com.sapizon.instavr.test.T011_Test_Login_Invalid_Password" tests="1" failures="0" timestamp="19 Sep 2017 16:02:47 GMT" time="6.366" errors="0">
  <testcase name="loginTest" time="6.366" classname="com.sapizon.instavr.test.T011_Test_Login_Invalid_Password"/>
</testsuite> <!-- com.sapizon.instavr.test.T011_Test_Login_Invalid_Password -->
