<?xml version="1.0" encoding="UTF-8"?>
<!-- Generated by org.testng.reporters.JUnitReportReporter -->
<testsuite skipped="0" hostname="DESKTOP-EVAHJRN" name="com.sapizon.instavr.test.T007_Test_Click_Authoring_Add_VR_Contents" tests="1" failures="0" timestamp="14 Dec 2017 08:10:13 GMT" time="46.332" errors="0">
  <testcase name="VerifyAddVRContentsButton" time="46.332" classname="com.sapizon.instavr.test.T007_Test_Click_Authoring_Add_VR_Contents"/>
</testsuite> <!-- com.sapizon.instavr.test.T007_Test_Click_Authoring_Add_VR_Contents -->
