<?xml version="1.0" encoding="UTF-8"?>
<!-- Generated by org.testng.reporters.JUnitReportReporter -->
<testsuite skipped="0" hostname="DESKTOP-EVAHJRN" name="com.sapizon.instavr.test.T013_Test_Upload_image" tests="1" failures="0" timestamp="14 Dec 2017 08:06:33 GMT" time="104.398" errors="0">
  <testcase name="UploadImage" time="104.398" classname="com.sapizon.instavr.test.T013_Test_Upload_image"/>
</testsuite> <!-- com.sapizon.instavr.test.T013_Test_Upload_image -->
