<?xml version="1.0" encoding="UTF-8"?>
<!-- Generated by org.testng.reporters.JUnitReportReporter -->
<testsuite skipped="0" hostname="apples-MacBook-Pro.local" name="com.sapizon.instavr.test.T016_Upload_Image_Verify_Hotspot" tests="5" failures="0" timestamp="20 Sep 2017 08:10:05 GMT" time="97.315" errors="0">
  <testcase name="login" time="79.544" classname="com.sapizon.instavr.test.T016_Upload_Image_Verify_Hotspot"/>
  <testcase name="authoring" time="5.098" classname="com.sapizon.instavr.test.T016_Upload_Image_Verify_Hotspot"/>
  <testcase name="Addcontent" time="5.965" classname="com.sapizon.instavr.test.T016_Upload_Image_Verify_Hotspot"/>
  <testcase name="AddLink" time="2.380" classname="com.sapizon.instavr.test.T016_Upload_Image_Verify_Hotspot"/>
  <testcase name="logout" time="4.328" classname="com.sapizon.instavr.test.T016_Upload_Image_Verify_Hotspot"/>
</testsuite> <!-- com.sapizon.instavr.test.T016_Upload_Image_Verify_Hotspot -->
