<?xml version="1.0" encoding="UTF-8"?>
<!-- Generated by org.testng.reporters.JUnitReportReporter -->
<testsuite skipped="0" hostname="apples-MacBook-Pro.local" name="com.sapizon.instavr.test.T013_Test_Upload_image" tests="4" failures="0" timestamp="18 Oct 2017 20:02:34 GMT" time="133.103" errors="0">
  <testcase name="login" time="64.909" classname="com.sapizon.instavr.test.T013_Test_Upload_image"/>
  <testcase name="authoring" time="0.965" classname="com.sapizon.instavr.test.T013_Test_Upload_image"/>
  <testcase name="Addcontent" time="54.058" classname="com.sapizon.instavr.test.T013_Test_Upload_image"/>
  <testcase name="logout" time="13.171" classname="com.sapizon.instavr.test.T013_Test_Upload_image"/>
</testsuite> <!-- com.sapizon.instavr.test.T013_Test_Upload_image -->
