<?xml version="1.0" encoding="UTF-8"?>
<!-- Generated by org.testng.reporters.JUnitReportReporter -->
<testsuite skipped="0" hostname="apples-MacBook-Pro.local" name="com.sapizon.instavr.test.T006_Test_Verify_Downlod" tests="1" failures="0" timestamp="18 Oct 2017 19:53:58 GMT" time="55.400" errors="0">
  <testcase name="login" time="55.400" classname="com.sapizon.instavr.test.T006_Test_Verify_Downlod"/>
</testsuite> <!-- com.sapizon.instavr.test.T006_Test_Verify_Downlod -->
