<?xml version="1.0" encoding="UTF-8"?>
<!-- Generated by org.testng.reporters.JUnitReportReporter -->
<testsuite skipped="0" hostname="apples-MacBook-Pro.local" name="com.sapizon.instavr.test.T001_LoginTest" tests="1" failures="0" timestamp="04 Aug 2017 16:22:09 GMT" time="89.248" errors="0">
  <testcase name="loginTest" time="89.248" classname="com.sapizon.instavr.test.T001_LoginTest"/>
</testsuite> <!-- com.sapizon.instavr.test.T001_LoginTest -->
