<?xml version="1.0" encoding="UTF-8"?>
<!-- Generated by org.testng.reporters.JUnitReportReporter -->
<testsuite skipped="0" hostname="apples-MacBook-Pro.local" name="com.sapizon.instavr.test.T009_Test_Select_Sence_Add_Link" tests="5" failures="0" timestamp="19 Sep 2017 15:14:27 GMT" time="98.124" errors="0">
  <testcase name="login" time="88.666" classname="com.sapizon.instavr.test.T009_Test_Select_Sence_Add_Link"/>
  <testcase name="authoring" time="1.090" classname="com.sapizon.instavr.test.T009_Test_Select_Sence_Add_Link"/>
  <testcase name="Addcontent" time="1.341" classname="com.sapizon.instavr.test.T009_Test_Select_Sence_Add_Link"/>
  <testcase name="Update" time="2.043" classname="com.sapizon.instavr.test.T009_Test_Select_Sence_Add_Link"/>
  <testcase name="logout" time="4.984" classname="com.sapizon.instavr.test.T009_Test_Select_Sence_Add_Link"/>
</testsuite> <!-- com.sapizon.instavr.test.T009_Test_Select_Sence_Add_Link -->
