<?xml version="1.0" encoding="UTF-8"?>
<!-- Generated by org.testng.reporters.JUnitReportReporter -->
<testsuite skipped="0" hostname="apples-MacBook-Pro.local" name="com.sapizon.instavr.test.T017_Test_Upload_image_Verify_Actions" tests="5" failures="0" timestamp="27 Sep 2017 12:24:16 GMT" time="57.048" errors="0">
  <testcase name="login" time="1.648" classname="com.sapizon.instavr.test.T017_Test_Upload_image_Verify_Actions"/>
  <testcase name="authoring" time="1.520" classname="com.sapizon.instavr.test.T017_Test_Upload_image_Verify_Actions"/>
  <testcase name="Addcontent" time="11.462" classname="com.sapizon.instavr.test.T017_Test_Upload_image_Verify_Actions"/>
  <testcase name="AddLink" time="38.115" classname="com.sapizon.instavr.test.T017_Test_Upload_image_Verify_Actions"/>
  <testcase name="logout" time="4.303" classname="com.sapizon.instavr.test.T017_Test_Upload_image_Verify_Actions"/>
</testsuite> <!-- com.sapizon.instavr.test.T017_Test_Upload_image_Verify_Actions -->
