<?xml version="1.0" encoding="UTF-8"?>
<!-- Generated by org.testng.reporters.JUnitReportReporter -->
<testsuite skipped="0" hostname="apples-MacBook-Pro.local" name="com.sapizon.instavr.test.T0012_Test_Login_Blank_password" tests="1" failures="0" timestamp="08 Aug 2017 09:48:44 GMT" time="2.622" errors="0">
  <testcase name="loginTest" time="2.622" classname="com.sapizon.instavr.test.T0012_Test_Login_Blank_password"/>
</testsuite> <!-- com.sapizon.instavr.test.T0012_Test_Login_Blank_password -->
