<?xml version="1.0" encoding="UTF-8"?>
<!-- Generated by org.testng.reporters.JUnitReportReporter -->
<testsuite skipped="0" hostname="apples-MacBook-Pro.local" name="com.sapizon.instavr.test.T009_Test_UpdateImage" tests="1" failures="0" timestamp="14 Nov 2017 12:24:59 GMT" time="88.552" errors="0">
  <testcase name="UpdateImageTest" time="88.552" classname="com.sapizon.instavr.test.T009_Test_UpdateImage"/>
</testsuite> <!-- com.sapizon.instavr.test.T009_Test_UpdateImage -->
