<?xml version="1.0" encoding="UTF-8"?>
<!-- Generated by org.testng.reporters.JUnitReportReporter -->
<testsuite skipped="0" hostname="apples-MacBook-Pro.local" name="com.sapizon.instavr.test.T008VerifyFilemanager" tests="4" failures="0" timestamp="18 Oct 2017 19:56:27 GMT" time="52.301" errors="0">
  <testcase name="login" time="35.849" classname="com.sapizon.instavr.test.T008VerifyFilemanager"/>
  <testcase name="authoring" time="1.557" classname="com.sapizon.instavr.test.T008VerifyFilemanager"/>
  <testcase name="Addcontent" time="9.930" classname="com.sapizon.instavr.test.T008VerifyFilemanager"/>
  <testcase name="logout" time="4.965" classname="com.sapizon.instavr.test.T008VerifyFilemanager"/>
</testsuite> <!-- com.sapizon.instavr.test.T008VerifyFilemanager -->
