<?xml version="1.0" encoding="UTF-8"?>
<!-- Generated by org.testng.reporters.JUnitReportReporter -->
<testsuite skipped="0" hostname="apples-MacBook-Pro.local" name="com.sapizon.instavr.test.T001_Test_LoginTest" tests="1" failures="0" timestamp="08 Nov 2017 11:28:02 GMT" time="58.657" errors="0">
  <testcase name="login" time="58.657" classname="com.sapizon.instavr.test.T001_Test_LoginTest"/>
</testsuite> <!-- com.sapizon.instavr.test.T001_Test_LoginTest -->
