<?xml version="1.0" encoding="UTF-8"?>
<!-- Generated by org.testng.reporters.JUnitReportReporter -->
<testsuite skipped="0" hostname="apples-MacBook-Pro.local" name="com.sapizon.instavr.test.T011_Test_Login_Invalid_Password" tests="1" failures="0" timestamp="31 Oct 2017 12:53:12 GMT" time="5.555" errors="0">
  <testcase name="login_Test_With_Invalid_Credintials" time="5.555" classname="com.sapizon.instavr.test.T011_Test_Login_Invalid_Password"/>
</testsuite> <!-- com.sapizon.instavr.test.T011_Test_Login_Invalid_Password -->
