<?xml version="1.0" encoding="UTF-8"?>
<!-- Generated by org.testng.reporters.JUnitReportReporter -->
<testsuite skipped="0" hostname="apples-MacBook-Pro.local" name="com.sapizon.instavr.test.T014_Test_Upload_video" tests="4" failures="0" timestamp="18 Oct 2017 20:04:03 GMT" time="74.312" errors="0">
  <testcase name="login" time="62.928" classname="com.sapizon.instavr.test.T014_Test_Upload_video"/>
  <testcase name="Authoring" time="1.507" classname="com.sapizon.instavr.test.T014_Test_Upload_video"/>
  <testcase name="Addcontent" time="4.926" classname="com.sapizon.instavr.test.T014_Test_Upload_video"/>
  <testcase name="logout" time="4.951" classname="com.sapizon.instavr.test.T014_Test_Upload_video"/>
</testsuite> <!-- com.sapizon.instavr.test.T014_Test_Upload_video -->
