<?xml version="1.0" encoding="UTF-8"?>
<!-- Generated by org.testng.reporters.JUnitReportReporter -->
<testsuite skipped="0" hostname="apples-MacBook-Pro.local" name="com.sapizon.instavr.test.T010_Test_Upload_image_verify_offset" tests="1" failures="0" timestamp="14 Nov 2017 16:36:05 GMT" time="69.276" errors="0">
  <testcase name="VerifyOffsetAndResetButton" time="69.276" classname="com.sapizon.instavr.test.T010_Test_Upload_image_verify_offset"/>
</testsuite> <!-- com.sapizon.instavr.test.T010_Test_Upload_image_verify_offset -->
