<?xml version="1.0" encoding="UTF-8"?>
<!-- Generated by org.testng.reporters.JUnitReportReporter -->
<testsuite skipped="0" hostname="DESKTOP-EVAHJRN" name="com.sapizon.instavr.test.T016_Upload_Image_Verify_Hotspot" tests="1" failures="0" timestamp="22 Dec 2017 09:59:31 GMT" time="43.953" errors="0">
  <testcase name="AddHotspot" time="43.953" classname="com.sapizon.instavr.test.T016_Upload_Image_Verify_Hotspot"/>
</testsuite> <!-- com.sapizon.instavr.test.T016_Upload_Image_Verify_Hotspot -->
