<?xml version="1.0" encoding="UTF-8"?>
<!-- Generated by org.testng.reporters.JUnitReportReporter -->
<testsuite skipped="0" hostname="apples-MacBook-Pro.local" name="com.sapizon.instavr.test.T008VerifyFilemanager" tests="1" failures="0" timestamp="31 Oct 2017 10:04:13 GMT" time="67.134" errors="0">
  <testcase name="VerifyFilemanager" time="67.134" classname="com.sapizon.instavr.test.T008VerifyFilemanager"/>
</testsuite> <!-- com.sapizon.instavr.test.T008VerifyFilemanager -->
