<?xml version="1.0" encoding="UTF-8"?>
<!-- Generated by org.testng.reporters.JUnitReportReporter -->
<testsuite skipped="0" hostname="apples-MacBook-Pro.local" name="com.sapizon.instavr.test.T013_Test_Upload_image" tests="4" failures="0" timestamp="04 Sep 2017 16:11:16 GMT" time="191.441" errors="0">
  <testcase name="login" time="41.774" classname="com.sapizon.instavr.test.T013_Test_Upload_image"/>
  <testcase name="authoring" time="5.579" classname="com.sapizon.instavr.test.T013_Test_Upload_image"/>
  <testcase name="Addcontent" time="138.493" classname="com.sapizon.instavr.test.T013_Test_Upload_image"/>
  <testcase name="logout" time="5.595" classname="com.sapizon.instavr.test.T013_Test_Upload_image"/>
</testsuite> <!-- com.sapizon.instavr.test.T013_Test_Upload_image -->
