<?xml version="1.0" encoding="UTF-8"?>
<!-- Generated by org.testng.reporters.JUnitReportReporter -->
<testsuite skipped="0" hostname="apples-MacBook-Pro.local" name="com.sapizon.instavr.test.T006_Test_Verify_Downlod" tests="1" failures="0" timestamp="14 Nov 2017 12:07:12 GMT" time="45.078" errors="0">
  <testcase name="VerifyDownload" time="45.078" classname="com.sapizon.instavr.test.T006_Test_Verify_Downlod"/>
</testsuite> <!-- com.sapizon.instavr.test.T006_Test_Verify_Downlod -->
