<?xml version="1.0" encoding="UTF-8"?>
<!-- Generated by org.testng.reporters.JUnitReportReporter -->
<testsuite skipped="0" hostname="apples-MacBook-Pro.local" name="com.sapizon.instavr.test.T018_add_music" tests="5" failures="0" timestamp="23 Oct 2017 13:19:57 GMT" time="60.575" errors="0">
  <testcase name="login" time="40.238" classname="com.sapizon.instavr.test.T018_add_music"/>
  <testcase name="authoring" time="6.492" classname="com.sapizon.instavr.test.T018_add_music"/>
  <testcase name="Addcontent" time="5.868" classname="com.sapizon.instavr.test.T018_add_music"/>
  <testcase name="AddLink" time="3.172" classname="com.sapizon.instavr.test.T018_add_music"/>
  <testcase name="logout" time="4.805" classname="com.sapizon.instavr.test.T018_add_music"/>
</testsuite> <!-- com.sapizon.instavr.test.T018_add_music -->
