<?xml version="1.0" encoding="UTF-8"?>
<!-- Generated by org.testng.reporters.JUnitReportReporter -->
<testsuite skipped="0" hostname="apples-MacBook-Pro.local" name="rough.hardcoading" tests="5" failures="0" timestamp="25 Aug 2017 15:21:30 GMT" time="101.448" errors="0">
  <testcase name="login" time="40.211" classname="rough.hardcoading"/>
  <testcase name="authoring" time="4.597" classname="rough.hardcoading"/>
  <testcase name="Addcontent" time="11.988" classname="rough.hardcoading"/>
  <testcase name="Upload" time="38.813" classname="rough.hardcoading"/>
  <testcase name="logout" time="5.839" classname="rough.hardcoading"/>
</testsuite> <!-- rough.hardcoading -->
