<?xml version="1.0" encoding="UTF-8"?>
<!-- Generated by org.testng.reporters.JUnitReportReporter -->
<testsuite skipped="0" hostname="apples-MacBook-Pro.local" name="com.sapizon.instavr.test.T014_Test_Upload_video" tests="1" failures="0" timestamp="01 Nov 2017 13:22:13 GMT" time="86.981" errors="0">
  <testcase name="UploadVideo" time="86.981" classname="com.sapizon.instavr.test.T014_Test_Upload_video"/>
</testsuite> <!-- com.sapizon.instavr.test.T014_Test_Upload_video -->
