<?xml version="1.0" encoding="UTF-8"?>
<!-- Generated by org.testng.reporters.JUnitReportReporter -->
<testsuite skipped="0" hostname="apples-MacBook-Pro.local" name="com.sapizon.instavr.test.T008VerifyFilemanager" tests="4" failures="0" timestamp="23 Oct 2017 06:24:24 GMT" time="117.191" errors="0">
  <testcase name="login" time="51.409" classname="com.sapizon.instavr.test.T008VerifyFilemanager"/>
  <testcase name="authoring" time="6.228" classname="com.sapizon.instavr.test.T008VerifyFilemanager"/>
  <testcase name="Addcontent" time="55.029" classname="com.sapizon.instavr.test.T008VerifyFilemanager"/>
  <testcase name="logout" time="4.525" classname="com.sapizon.instavr.test.T008VerifyFilemanager"/>
</testsuite> <!-- com.sapizon.instavr.test.T008VerifyFilemanager -->
