<?xml version="1.0" encoding="UTF-8"?>
<!-- Generated by org.testng.reporters.JUnitReportReporter -->
<testsuite skipped="0" hostname="DESKTOP-EVAHJRN" name="com.sapizon.instavr.test.T008VerifyFilemanager" tests="1" failures="0" timestamp="22 Dec 2017 06:30:50 GMT" time="60.733" errors="0">
  <testcase name="VerifyFilemanager" time="60.733" classname="com.sapizon.instavr.test.T008VerifyFilemanager"/>
</testsuite> <!-- com.sapizon.instavr.test.T008VerifyFilemanager -->
