<?xml version="1.0" encoding="UTF-8"?>
<!-- Generated by org.testng.reporters.JUnitReportReporter -->
<testsuite skipped="0" hostname="apples-MacBook-Pro.local" name="com.sapizon.instavr.test.T005_Test_Click_Package" tests="1" failures="0" timestamp="17 Aug 2017 06:47:34 GMT" time="44.785" errors="0">
  <testcase name="BrandingClick" time="44.785" classname="com.sapizon.instavr.test.T005_Test_Click_Package"/>
</testsuite> <!-- com.sapizon.instavr.test.T005_Test_Click_Package -->
