<?xml version="1.0" encoding="UTF-8"?>
<!-- Generated by org.testng.reporters.JUnitReportReporter -->
<testsuite skipped="0" hostname="apples-MacBook-Pro.local" name="com.sapizon.instavr.test.T004_Test_Verify_Preview" tests="1" failures="0" timestamp="21 Sep 2017 09:54:06 GMT" time="128.004" errors="0">
  <testcase name="login" time="128.004" classname="com.sapizon.instavr.test.T004_Test_Verify_Preview"/>
</testsuite> <!-- com.sapizon.instavr.test.T004_Test_Verify_Preview -->
