<?xml version="1.0" encoding="UTF-8"?>
<!-- Generated by org.testng.reporters.JUnitReportReporter -->
<testsuite skipped="0" hostname="apples-MacBook-Pro.local" name="com.sapizon.instavr.test.T013_Test_Upload_image" tests="4" failures="0" timestamp="26 Oct 2017 12:20:09 GMT" time="57.205" errors="0">
  <testcase name="login" time="37.812" classname="com.sapizon.instavr.test.T013_Test_Upload_image"/>
  <testcase name="authoring" time="1.050" classname="com.sapizon.instavr.test.T013_Test_Upload_image"/>
  <testcase name="UplodingImage" time="11.910" classname="com.sapizon.instavr.test.T013_Test_Upload_image"/>
  <testcase name="logout" time="6.433" classname="com.sapizon.instavr.test.T013_Test_Upload_image"/>
</testsuite> <!-- com.sapizon.instavr.test.T013_Test_Upload_image -->
