<?xml version="1.0" encoding="UTF-8"?>
<!-- Generated by org.testng.reporters.JUnitReportReporter -->
<testsuite skipped="0" hostname="apples-MacBook-Pro.local" name="com.sapizon.instavr.test.T005_Test_Verify_Package" tests="1" failures="0" timestamp="27 Oct 2017 08:05:40 GMT" time="44.969" errors="0">
  <testcase name="Verify_Package" time="44.969" classname="com.sapizon.instavr.test.T005_Test_Verify_Package"/>
</testsuite> <!-- com.sapizon.instavr.test.T005_Test_Verify_Package -->
