<?xml version="1.0" encoding="UTF-8"?>
<!-- Generated by org.testng.reporters.JUnitReportReporter -->
<testsuite skipped="0" hostname="apples-MacBook-Pro.local" name="com.sapizon.instavr.test.T010_Test_Upload_image_verify_offset" tests="1" failures="0" timestamp="31 Oct 2017 11:29:36 GMT" time="66.596" errors="0">
  <testcase name="login" time="66.596" classname="com.sapizon.instavr.test.T010_Test_Upload_image_verify_offset"/>
</testsuite> <!-- com.sapizon.instavr.test.T010_Test_Upload_image_verify_offset -->
