<?xml version="1.0" encoding="UTF-8"?>
<!-- Generated by org.testng.reporters.JUnitReportReporter -->
<testsuite skipped="0" hostname="apples-MacBook-Pro.local" name="com.sapizon.instavr.test.test" tests="1" failures="0" timestamp="31 Aug 2017 08:13:06 GMT" time="155.856" errors="0">
  <testcase name="addVideo" time="155.856" classname="com.sapizon.instavr.test.test"/>
</testsuite> <!-- com.sapizon.instavr.test.test -->
