<?xml version="1.0" encoding="UTF-8"?>
<!-- Generated by org.testng.reporters.JUnitReportReporter -->
<testsuite skipped="0" hostname="apples-MacBook-Pro.local" name="com.sapizon.instavr.test.T004_Test_Verify_Preview" tests="1" failures="0" timestamp="31 Oct 2017 07:16:53 GMT" time="46.168" errors="0">
  <testcase name="VerifyPreview" time="46.168" classname="com.sapizon.instavr.test.T004_Test_Verify_Preview"/>
</testsuite> <!-- com.sapizon.instavr.test.T004_Test_Verify_Preview -->
