<?xml version="1.0" encoding="UTF-8"?>
<!-- Generated by org.testng.reporters.JUnitReportReporter -->
<testsuite skipped="0" hostname="apples-MacBook-Pro.local" name="com.sapizon.instavr.test.T003_Test_Verify_Branding" tests="1" failures="0" timestamp="19 Sep 2017 10:13:59 GMT" time="83.882" errors="0">
  <testcase name="login" time="83.882" classname="com.sapizon.instavr.test.T003_Test_Verify_Branding"/>
</testsuite> <!-- com.sapizon.instavr.test.T003_Test_Verify_Branding -->
