<?xml version="1.0" encoding="UTF-8"?>
<!-- Generated by org.testng.reporters.JUnitReportReporter -->
<testsuite skipped="0" hostname="apples-MacBook-Pro.local" name="com.sapizon.instavr.test.T017_Test_Upload_image_Verify_Actions" tests="1" failures="0" timestamp="01 Nov 2017 13:22:12 GMT" time="61.336" errors="0">
  <testcase name="AddActions" time="61.336" classname="com.sapizon.instavr.test.T017_Test_Upload_image_Verify_Actions"/>
</testsuite> <!-- com.sapizon.instavr.test.T017_Test_Upload_image_Verify_Actions -->
