<?xml version="1.0" encoding="UTF-8"?>
<!-- Generated by org.testng.reporters.JUnitReportReporter -->
<testsuite skipped="0" hostname="apples-MacBook-Pro.local" name="com.sapizon.instavr.test.T006_Test_Verify_Downlod" tests="1" failures="0" timestamp="01 Nov 2017 13:22:13 GMT" time="239.184" errors="0">
  <testcase name="VerifyDownload" time="239.184" classname="com.sapizon.instavr.test.T006_Test_Verify_Downlod"/>
</testsuite> <!-- com.sapizon.instavr.test.T006_Test_Verify_Downlod -->
