<?xml version="1.0" encoding="UTF-8"?>
<!-- Generated by org.testng.reporters.JUnitReportReporter -->
<testsuite skipped="0" hostname="apples-MacBook-Pro.local" name="com.sapizon.instavr.test.T016_Upload_Image_Verify_Hotspot" tests="5" failures="0" timestamp="12 Sep 2017 09:52:13 GMT" time="72.169" errors="0">
  <testcase name="login" time="60.426" classname="com.sapizon.instavr.test.T016_Upload_Image_Verify_Hotspot"/>
  <testcase name="authoring" time="0.529" classname="com.sapizon.instavr.test.T016_Upload_Image_Verify_Hotspot"/>
  <testcase name="Addcontent" time="4.421" classname="com.sapizon.instavr.test.T016_Upload_Image_Verify_Hotspot"/>
  <testcase name="AddLink" time="1.914" classname="com.sapizon.instavr.test.T016_Upload_Image_Verify_Hotspot"/>
  <testcase name="logout" time="4.879" classname="com.sapizon.instavr.test.T016_Upload_Image_Verify_Hotspot"/>
</testsuite> <!-- com.sapizon.instavr.test.T016_Upload_Image_Verify_Hotspot -->
