<?xml version="1.0" encoding="UTF-8"?>
<!-- Generated by org.testng.reporters.JUnitReportReporter -->
<testsuite skipped="0" hostname="apples-MacBook-Pro.local" name="com.sapizon.instavr.test.T009_Test_Select_Sence_Add_Link" tests="5" failures="0" timestamp="07 Sep 2017 06:48:07 GMT" time="92.583" errors="0">
  <testcase name="login" time="82.464" classname="com.sapizon.instavr.test.T009_Test_Select_Sence_Add_Link"/>
  <testcase name="authoring" time="0.498" classname="com.sapizon.instavr.test.T009_Test_Select_Sence_Add_Link"/>
  <testcase name="Addcontent" time="1.591" classname="com.sapizon.instavr.test.T009_Test_Select_Sence_Add_Link"/>
  <testcase name="Update" time="1.991" classname="com.sapizon.instavr.test.T009_Test_Select_Sence_Add_Link"/>
  <testcase name="logout" time="6.039" classname="com.sapizon.instavr.test.T009_Test_Select_Sence_Add_Link"/>
</testsuite> <!-- com.sapizon.instavr.test.T009_Test_Select_Sence_Add_Link -->
