<?xml version="1.0" encoding="UTF-8"?>
<!-- Generated by org.testng.reporters.JUnitReportReporter -->
<testsuite skipped="0" hostname="apples-MacBook-Pro.local" name="com.sapizon.instavr.test.T011_Test_Login_Invalid_Password" tests="1" failures="0" timestamp="14 Nov 2017 11:47:49 GMT" time="5.566" errors="0">
  <testcase name="loginWithInvalidCredintials" time="5.566" classname="com.sapizon.instavr.test.T011_Test_Login_Invalid_Password"/>
</testsuite> <!-- com.sapizon.instavr.test.T011_Test_Login_Invalid_Password -->
