<?xml version="1.0" encoding="UTF-8"?>
<!-- Generated by org.testng.reporters.JUnitReportReporter -->
<testsuite skipped="0" hostname="apples-MacBook-Pro.local" name="com.sapizon.instavr.test.Test_Click_Authoring" tests="1" failures="0" timestamp="04 Aug 2017 15:44:33 GMT" time="97.262" errors="0">
  <testcase name="loginTest" time="97.262" classname="com.sapizon.instavr.test.Test_Click_Authoring"/>
</testsuite> <!-- com.sapizon.instavr.test.Test_Click_Authoring -->
