<?xml version="1.0" encoding="UTF-8"?>
<!-- Generated by org.testng.reporters.JUnitReportReporter -->
<testsuite skipped="0" hostname="apples-MacBook-Pro.local" name="com.sapizon.instavr.test.T003_Test_Verify_Branding" tests="1" failures="0" timestamp="31 Oct 2017 07:11:25 GMT" time="53.456" errors="0">
  <testcase name="VerifyBranding" time="53.456" classname="com.sapizon.instavr.test.T003_Test_Verify_Branding"/>
</testsuite> <!-- com.sapizon.instavr.test.T003_Test_Verify_Branding -->
