<?xml version="1.0" encoding="UTF-8"?>
<!-- Generated by org.testng.reporters.JUnitReportReporter -->
<testsuite skipped="0" hostname="apples-MacBook-Pro.local" name="com.sapizon.instavr.test.T010_Test_Select_Sence_Add_Hotspot" tests="1" failures="0" timestamp="04 Sep 2017 16:33:46 GMT" time="141.107" errors="0">
  <testcase name="Add_Link_to_Sence" time="141.107" classname="com.sapizon.instavr.test.T010_Test_Select_Sence_Add_Hotspot"/>
</testsuite> <!-- com.sapizon.instavr.test.T010_Test_Select_Sence_Add_Hotspot -->
