<?xml version="1.0" encoding="UTF-8"?>
<!-- Generated by org.testng.reporters.JUnitReportReporter -->
<testsuite skipped="0" hostname="apples-MacBook-Pro.local" name="com.sapizon.instavr.test.T009_Test_UpdateImage" tests="1" failures="0" timestamp="01 Dec 2017 10:13:36 GMT" time="67.147" errors="0">
  <testcase name="UpdateImageTest" time="67.147" classname="com.sapizon.instavr.test.T009_Test_UpdateImage"/>
</testsuite> <!-- com.sapizon.instavr.test.T009_Test_UpdateImage -->
