<?xml version="1.0" encoding="UTF-8"?>
<!-- Generated by org.testng.reporters.JUnitReportReporter -->
<testsuite skipped="0" hostname="apples-MacBook-Pro.local" name="com.sapizon.instavr.test.T012_Test_Login_Blank_password" tests="1" failures="0" timestamp="18 Oct 2017 19:48:25 GMT" time="0.880" errors="0">
  <testcase name="loginTest" time="0.880" classname="com.sapizon.instavr.test.T012_Test_Login_Blank_password"/>
</testsuite> <!-- com.sapizon.instavr.test.T012_Test_Login_Blank_password -->
