<?xml version="1.0" encoding="UTF-8"?>
<!-- Generated by org.testng.reporters.JUnitReportReporter -->
<testsuite skipped="0" hostname="apples-MacBook-Pro.local" name="com.sapizon.instavr.test.T004_Test_Click_Preview" tests="1" failures="0" timestamp="17 Aug 2017 06:45:46 GMT" time="47.424" errors="0">
  <testcase name="BrandingClick" time="47.424" classname="com.sapizon.instavr.test.T004_Test_Click_Preview"/>
</testsuite> <!-- com.sapizon.instavr.test.T004_Test_Click_Preview -->
