<?xml version="1.0" encoding="UTF-8"?>
<!-- Generated by org.testng.reporters.JUnitReportReporter -->
<testsuite skipped="0" hostname="apples-MacBook-Pro.local" name="com.sapizon.instavr.test.T002_Test_Verify_Authoring" tests="1" failures="0" timestamp="14 Nov 2017 11:49:45 GMT" time="57.250" errors="0">
  <testcase name="VerifingAuthoring" time="57.250" classname="com.sapizon.instavr.test.T002_Test_Verify_Authoring"/>
</testsuite> <!-- com.sapizon.instavr.test.T002_Test_Verify_Authoring -->
