<?xml version="1.0" encoding="UTF-8"?>
<!-- Generated by org.testng.reporters.JUnitReportReporter -->
<testsuite skipped="0" hostname="apples-MacBook-Pro.local" name="com.sapizon.instavr.test.T009_Test_UpdateImage" tests="1" failures="0" timestamp="01 Nov 2017 13:22:13 GMT" time="82.018" errors="0">
  <testcase name="UpdateImageTest" time="82.018" classname="com.sapizon.instavr.test.T009_Test_UpdateImage"/>
</testsuite> <!-- com.sapizon.instavr.test.T009_Test_UpdateImage -->
