<?xml version="1.0" encoding="UTF-8"?>
<!-- Generated by org.testng.reporters.JUnitReportReporter -->
<testsuite skipped="0" hostname="apples-MacBook-Pro.local" name="com.sapizon.instavr.test.T003_Test_Click_Branding" tests="1" failures="0" timestamp="16 Aug 2017 08:28:46 GMT" time="60.058" errors="0">
  <testcase name="BrandingClick" time="60.058" classname="com.sapizon.instavr.test.T003_Test_Click_Branding"/>
</testsuite> <!-- com.sapizon.instavr.test.T003_Test_Click_Branding -->
