<?xml version="1.0" encoding="UTF-8"?>
<!-- Generated by org.testng.reporters.JUnitReportReporter -->
<testsuite skipped="0" hostname="apples-MacBook-Pro.local" name="com.sapizon.instavr.test.T008VerifyFilemanager" tests="1" failures="0" timestamp="14 Nov 2017 12:16:18 GMT" time="74.925" errors="0">
  <testcase name="VerifyFilemanager" time="74.925" classname="com.sapizon.instavr.test.T008VerifyFilemanager"/>
</testsuite> <!-- com.sapizon.instavr.test.T008VerifyFilemanager -->
