<?xml version="1.0" encoding="UTF-8"?>
<!-- Generated by org.testng.reporters.JUnitReportReporter -->
<testsuite skipped="0" hostname="apples-MacBook-Pro.local" name="com.sapizon.instavr.test.T007_Test_Click_Authoring_Add_VR_Contents" tests="1" failures="0" timestamp="17 Aug 2017 08:00:54 GMT" time="115.812" errors="0">
  <testcase name="AddVRcontents" time="115.812" classname="com.sapizon.instavr.test.T007_Test_Click_Authoring_Add_VR_Contents"/>
</testsuite> <!-- com.sapizon.instavr.test.T007_Test_Click_Authoring_Add_VR_Contents -->
