<?xml version="1.0" encoding="UTF-8"?>
<!-- Generated by org.testng.reporters.JUnitReportReporter -->
<testsuite skipped="0" hostname="apples-MacBook-Pro.local" name="com.sapizon.instavr.test.T005_Test_Verify_Package" tests="1" failures="0" timestamp="01 Nov 2017 13:22:12 GMT" time="50.088" errors="0">
  <testcase name="VerifyPackage" time="50.088" classname="com.sapizon.instavr.test.T005_Test_Verify_Package"/>
</testsuite> <!-- com.sapizon.instavr.test.T005_Test_Verify_Package -->
