<?xml version="1.0" encoding="UTF-8"?>
<!-- Generated by org.testng.reporters.JUnitReportReporter -->
<testsuite skipped="0" hostname="apples-MacBook-Pro.local" name="com.sapizon.instavr.test.T016_Upload_Image_Verify_Hotspot" tests="5" failures="0" timestamp="21 Sep 2017 06:11:47 GMT" time="72.331" errors="0">
  <testcase name="login" time="59.561" classname="com.sapizon.instavr.test.T016_Upload_Image_Verify_Hotspot"/>
  <testcase name="authoring" time="0.459" classname="com.sapizon.instavr.test.T016_Upload_Image_Verify_Hotspot"/>
  <testcase name="Addcontent" time="3.844" classname="com.sapizon.instavr.test.T016_Upload_Image_Verify_Hotspot"/>
  <testcase name="AddLink" time="2.250" classname="com.sapizon.instavr.test.T016_Upload_Image_Verify_Hotspot"/>
  <testcase name="logout" time="6.217" classname="com.sapizon.instavr.test.T016_Upload_Image_Verify_Hotspot"/>
</testsuite> <!-- com.sapizon.instavr.test.T016_Upload_Image_Verify_Hotspot -->
