<?xml version="1.0" encoding="UTF-8"?>
<!-- Generated by org.testng.reporters.JUnitReportReporter -->
<testsuite skipped="0" hostname="apples-MacBook-Pro.local" name="com.sapizon.instavr.test.T015_Test_Upload_image_Select_image_add_link" tests="1" failures="0" timestamp="31 Oct 2017 13:28:15 GMT" time="61.865" errors="0">
  <testcase name="AddLink" time="61.865" classname="com.sapizon.instavr.test.T015_Test_Upload_image_Select_image_add_link"/>
</testsuite> <!-- com.sapizon.instavr.test.T015_Test_Upload_image_Select_image_add_link -->
