<?xml version="1.0" encoding="UTF-8"?>
<!-- Generated by org.testng.reporters.JUnitReportReporter -->
<testsuite skipped="0" hostname="apples-MacBook-Pro.local" name="com.sapizon.instavr.test.T018_add_music" tests="1" failures="0" timestamp="14 Nov 2017 17:34:11 GMT" time="91.401" errors="0">
  <testcase name="AddMusic" time="91.401" classname="com.sapizon.instavr.test.T018_add_music"/>
</testsuite> <!-- com.sapizon.instavr.test.T018_add_music -->
