<?xml version="1.0" encoding="UTF-8"?>
<!-- Generated by org.testng.reporters.JUnitReportReporter -->
<testsuite skipped="0" hostname="apples-MacBook-Pro.local" name="com.sapizon.instavr.test.T008VerifyFilemanager" tests="1" failures="0" timestamp="01 Nov 2017 13:22:13 GMT" time="74.663" errors="0">
  <testcase name="VerifyFilemanager" time="74.663" classname="com.sapizon.instavr.test.T008VerifyFilemanager"/>
</testsuite> <!-- com.sapizon.instavr.test.T008VerifyFilemanager -->
