<?xml version="1.0" encoding="UTF-8"?>
<!-- Generated by org.testng.reporters.JUnitReportReporter -->
<testsuite skipped="0" hostname="apples-MacBook-Pro.local" name="com.sapizon.instavr.test.T018_add_music" tests="1" failures="0" timestamp="31 Oct 2017 13:59:02 GMT" time="63.868" errors="0">
  <testcase name="AddMusic" time="63.868" classname="com.sapizon.instavr.test.T018_add_music"/>
</testsuite> <!-- com.sapizon.instavr.test.T018_add_music -->
