<?xml version="1.0" encoding="UTF-8"?>
<!-- Generated by org.testng.reporters.JUnitReportReporter -->
<testsuite skipped="0" hostname="apples-MacBook-Pro.local" name="com.sapizon.instavr.test.T014_Test_Upload_video" tests="4" failures="0" timestamp="27 Oct 2017 07:23:25 GMT" time="74.858" errors="0">
  <testcase name="login" time="66.156" classname="com.sapizon.instavr.test.T014_Test_Upload_video"/>
  <testcase name="Authoring" time="0.955" classname="com.sapizon.instavr.test.T014_Test_Upload_video"/>
  <testcase name="Upload_Video" time="2.712" classname="com.sapizon.instavr.test.T014_Test_Upload_video"/>
  <testcase name="logout" time="5.035" classname="com.sapizon.instavr.test.T014_Test_Upload_video"/>
</testsuite> <!-- com.sapizon.instavr.test.T014_Test_Upload_video -->
