<?xml version="1.0" encoding="UTF-8"?>
<!-- Generated by org.testng.reporters.JUnitReportReporter -->
<testsuite skipped="0" hostname="apples-MacBook-Pro.local" name="com.sapizon.instavr.test.LoginTest" tests="1" failures="0" timestamp="04 Aug 2017 15:54:45 GMT" time="93.237" errors="0">
  <testcase name="loginTest" time="93.237" classname="com.sapizon.instavr.test.LoginTest"/>
</testsuite> <!-- com.sapizon.instavr.test.LoginTest -->
