<?xml version="1.0" encoding="UTF-8"?>
<!-- Generated by org.testng.reporters.JUnitReportReporter -->
<testsuite skipped="0" hostname="apples-MacBook-Pro.local" name="com.sapizon.instavr.test.T007_Test_Click_Authoring_Add_VR_Contents" tests="1" failures="0" timestamp="01 Nov 2017 10:11:34 GMT" time="79.410" errors="0">
  <testcase name="VerifyAddVRContentsButton" time="79.410" classname="com.sapizon.instavr.test.T007_Test_Click_Authoring_Add_VR_Contents"/>
</testsuite> <!-- com.sapizon.instavr.test.T007_Test_Click_Authoring_Add_VR_Contents -->
