<?xml version="1.0" encoding="UTF-8"?>
<!-- Generated by org.testng.reporters.JUnitReportReporter -->
<testsuite skipped="0" hostname="apples-MacBook-Pro.local" name="com.sapizon.instavr.test.T015_Test_Upload_image_Select_image_add_link" tests="5" failures="0" timestamp="04 Sep 2017 13:08:45 GMT" time="201.453" errors="0">
  <testcase name="login" time="39.638" classname="com.sapizon.instavr.test.T015_Test_Upload_image_Select_image_add_link"/>
  <testcase name="authoring" time="6.403" classname="com.sapizon.instavr.test.T015_Test_Upload_image_Select_image_add_link"/>
  <testcase name="Addcontent" time="148.786" classname="com.sapizon.instavr.test.T015_Test_Upload_image_Select_image_add_link"/>
  <testcase name="AddLink" time="1.544" classname="com.sapizon.instavr.test.T015_Test_Upload_image_Select_image_add_link"/>
  <testcase name="logout" time="5.082" classname="com.sapizon.instavr.test.T015_Test_Upload_image_Select_image_add_link"/>
</testsuite> <!-- com.sapizon.instavr.test.T015_Test_Upload_image_Select_image_add_link -->
